<?xml version="1.0" encoding="UTF-8"?>
<coverage generated="1691868201022" clover="3.2.0">
  <project timestamp="1691868201023" name="All files">
    <metrics statements="39" coveredstatements="33" conditionals="60" coveredconditionals="54" methods="6" coveredmethods="6" elements="105" coveredelements="93" complexity="0" loc="39" ncloc="39" packages="1" files="2" classes="2"/>
    <file name="gameboard.js" path="/home/guru/repos/Battleship/src/app/gameboard.js">
      <metrics statements="30" coveredstatements="24" conditionals="58" coveredconditionals="52" methods="4" coveredmethods="4"/>
      <line num="3" count="10" type="stmt"/>
      <line num="4" count="1" type="stmt"/>
      <line num="5" count="10" type="stmt"/>
      <line num="6" count="100" type="stmt"/>
      <line num="12" count="5" type="stmt"/>
      <line num="13" count="5" type="stmt"/>
      <line num="14" count="5" type="stmt"/>
      <line num="18" count="5" type="cond" truecount="2" falsecount="0"/>
      <line num="19" count="3" type="cond" truecount="2" falsecount="0"/>
      <line num="20" count="3" type="stmt"/>
      <line num="21" count="12" type="cond" truecount="1" falsecount="1"/>
      <line num="22" count="0" type="stmt"/>
      <line num="24" count="12" type="cond" truecount="21" falsecount="1"/>
      <line num="28" count="12" type="stmt"/>
      <line num="29" count="12" type="stmt"/>
      <line num="31" count="0" type="stmt"/>
      <line num="34" count="5" type="cond" truecount="2" falsecount="0"/>
      <line num="35" count="2" type="cond" truecount="1" falsecount="1"/>
      <line num="36" count="2" type="stmt"/>
      <line num="37" count="5" type="cond" truecount="1" falsecount="1"/>
      <line num="38" count="0" type="stmt"/>
      <line num="40" count="5" type="cond" truecount="21" falsecount="1"/>
      <line num="44" count="5" type="stmt"/>
      <line num="45" count="5" type="stmt"/>
      <line num="47" count="0" type="stmt"/>
      <line num="50" count="5" type="stmt"/>
      <line num="54" count="1" type="cond" truecount="1" falsecount="1"/>
      <line num="55" count="0" type="stmt"/>
      <line num="56" count="0" type="stmt"/>
      <line num="58" count="1" type="stmt"/>
    </file>
    <file name="ship.js" path="/home/guru/repos/Battleship/src/app/ship.js">
      <metrics statements="9" coveredstatements="9" conditionals="2" coveredconditionals="2" methods="2" coveredmethods="2"/>
      <line num="3" count="5" type="stmt"/>
      <line num="4" count="5" type="stmt"/>
      <line num="5" count="5" type="stmt"/>
      <line num="6" count="5" type="stmt"/>
      <line num="7" count="5" type="stmt"/>
      <line num="8" count="5" type="stmt"/>
      <line num="11" count="5" type="stmt"/>
      <line num="12" count="5" type="stmt"/>
      <line num="13" count="5" type="cond" truecount="2" falsecount="0"/>
    </file>
  </project>
</coverage>
