{"/home/guru/repos/Battleship/src/app/ship.js": {"path":"/home/guru/repos/Battleship/src/app/ship.js","statementMap":{"0":{"start":{"line":3,"column":8},"end":{"line":3,"column":25}},"1":{"start":{"line":4,"column":8},"end":{"line":4,"column":25}},"2":{"start":{"line":5,"column":8},"end":{"line":5,"column":22}},"3":{"start":{"line":6,"column":8},"end":{"line":6,"column":29}},"4":{"start":{"line":7,"column":8},"end":{"line":7,"column":26}},"5":{"start":{"line":10,"column":8},"end":{"line":10,"column":20}},"6":{"start":{"line":11,"column":8},"end":{"line":11,"column":26}},"7":{"start":{"line":12,"column":8},"end":{"line":12,"column":49}},"8":{"start":{"line":12,"column":34},"end":{"line":12,"column":49}}},"fnMap":{"0":{"name":"(anonymous_0)","decl":{"start":{"line":2,"column":4},"end":{"line":2,"column":5}},"loc":{"start":{"line":2,"column":27},"end":{"line":8,"column":5}},"line":2},"1":{"name":"(anonymous_1)","decl":{"start":{"line":9,"column":4},"end":{"line":9,"column":5}},"loc":{"start":{"line":9,"column":11},"end":{"line":13,"column":5}},"line":9}},"branchMap":{"0":{"loc":{"start":{"line":12,"column":8},"end":{"line":12,"column":49}},"type":"if","locations":[{"start":{"line":12,"column":8},"end":{"line":12,"column":49}},{"start":{},"end":{}}],"line":12}},"s":{"0":5,"1":5,"2":5,"3":5,"4":5,"5":5,"6":5,"7":5,"8":1},"f":{"0":5,"1":5},"b":{"0":[1,4]},"_coverageSchema":"1a1c01bbd47fc00a2c39e90264f33305004495a9","hash":"89c8a2331ed8d7e7b59fb6db84ded4aab2dc6460"}
}
