{"/home/guru/repos/Battleship/src/app/gameboard.js": {"path":"/home/guru/repos/Battleship/src/app/gameboard.js","statementMap":{"0":{"start":{"line":3,"column":8},"end":{"line":3,"column":79}},"1":{"start":{"line":3,"column":56},"end":{"line":3,"column":77}},"2":{"start":{"line":4,"column":8},"end":{"line":8,"column":9}},"3":{"start":{"line":4,"column":18},"end":{"line":4,"column":19}},"4":{"start":{"line":5,"column":12},"end":{"line":7,"column":13}},"5":{"start":{"line":5,"column":22},"end":{"line":5,"column":23}},"6":{"start":{"line":6,"column":16},"end":{"line":6,"column":68}},"7":{"start":{"line":12,"column":18},"end":{"line":12,"column":48}},"8":{"start":{"line":13,"column":18},"end":{"line":13,"column":48}},"9":{"start":{"line":14,"column":23},"end":{"line":14,"column":52}},"10":{"start":{"line":18,"column":8},"end":{"line":33,"column":9}},"11":{"start":{"line":19,"column":12},"end":{"line":19,"column":47}},"12":{"start":{"line":19,"column":29},"end":{"line":19,"column":47}},"13":{"start":{"line":20,"column":12},"end":{"line":32,"column":13}},"14":{"start":{"line":20,"column":23},"end":{"line":20,"column":26}},"15":{"start":{"line":20,"column":34},"end":{"line":20,"column":35}},"16":{"start":{"line":21,"column":16},"end":{"line":23,"column":17}},"17":{"start":{"line":22,"column":20},"end":{"line":22,"column":33}},"18":{"start":{"line":24,"column":16},"end":{"line":31,"column":34}},"19":{"start":{"line":28,"column":24},"end":{"line":28,"column":42}},"20":{"start":{"line":29,"column":24},"end":{"line":29,"column":32}},"21":{"start":{"line":31,"column":21},"end":{"line":31,"column":34}},"22":{"start":{"line":34,"column":8},"end":{"line":49,"column":9}},"23":{"start":{"line":35,"column":12},"end":{"line":35,"column":47}},"24":{"start":{"line":35,"column":29},"end":{"line":35,"column":47}},"25":{"start":{"line":36,"column":12},"end":{"line":48,"column":13}},"26":{"start":{"line":36,"column":23},"end":{"line":36,"column":26}},"27":{"start":{"line":36,"column":34},"end":{"line":36,"column":35}},"28":{"start":{"line":37,"column":16},"end":{"line":39,"column":17}},"29":{"start":{"line":38,"column":20},"end":{"line":38,"column":33}},"30":{"start":{"line":40,"column":16},"end":{"line":47,"column":34}},"31":{"start":{"line":44,"column":20},"end":{"line":44,"column":38}},"32":{"start":{"line":45,"column":20},"end":{"line":45,"column":28}},"33":{"start":{"line":47,"column":21},"end":{"line":47,"column":34}},"34":{"start":{"line":50,"column":8},"end":{"line":50,"column":20}},"35":{"start":{"line":54,"column":8},"end":{"line":57,"column":9}},"36":{"start":{"line":55,"column":12},"end":{"line":55,"column":46}},"37":{"start":{"line":56,"column":12},"end":{"line":56,"column":24}},"38":{"start":{"line":58,"column":8},"end":{"line":58,"column":42}}},"fnMap":{"0":{"name":"(anonymous_0)","decl":{"start":{"line":2,"column":4},"end":{"line":2,"column":5}},"loc":{"start":{"line":2,"column":17},"end":{"line":9,"column":5}},"line":2},"1":{"name":"(anonymous_1)","decl":{"start":{"line":3,"column":50},"end":{"line":3,"column":51}},"loc":{"start":{"line":3,"column":56},"end":{"line":3,"column":77}},"line":3},"2":{"name":"(anonymous_2)","decl":{"start":{"line":11,"column":4},"end":{"line":11,"column":5}},"loc":{"start":{"line":11,"column":23},"end":{"line":51,"column":5}},"line":11},"3":{"name":"(anonymous_3)","decl":{"start":{"line":53,"column":4},"end":{"line":53,"column":5}},"loc":{"start":{"line":53,"column":22},"end":{"line":59,"column":5}},"line":53}},"branchMap":{"0":{"loc":{"start":{"line":18,"column":8},"end":{"line":33,"column":9}},"type":"if","locations":[{"start":{"line":18,"column":8},"end":{"line":33,"column":9}},{"start":{},"end":{}}],"line":18},"1":{"loc":{"start":{"line":19,"column":12},"end":{"line":19,"column":47}},"type":"if","locations":[{"start":{"line":19,"column":12},"end":{"line":19,"column":47}},{"start":{},"end":{}}],"line":19},"2":{"loc":{"start":{"line":21,"column":16},"end":{"line":23,"column":17}},"type":"if","locations":[{"start":{"line":21,"column":16},"end":{"line":23,"column":17}},{"start":{},"end":{}}],"line":21},"3":{"loc":{"start":{"line":24,"column":16},"end":{"line":31,"column":34}},"type":"if","locations":[{"start":{"line":24,"column":16},"end":{"line":31,"column":34}},{"start":{"line":31,"column":21},"end":{"line":31,"column":34}}],"line":24},"4":{"loc":{"start":{"line":24,"column":19},"end":{"line":27,"column":138}},"type":"binary-expr","locations":[{"start":{"line":24,"column":20},"end":{"line":24,"column":27}},{"start":{"line":24,"column":29},"end":{"line":24,"column":68}},{"start":{"line":24,"column":72},"end":{"line":24,"column":77}},{"start":{"line":24,"column":79},"end":{"line":24,"column":118}},{"start":{"line":25,"column":17},"end":{"line":25,"column":24}},{"start":{"line":25,"column":26},"end":{"line":25,"column":65}},{"start":{"line":25,"column":69},"end":{"line":25,"column":74}},{"start":{"line":25,"column":76},"end":{"line":25,"column":115}},{"start":{"line":26,"column":19},"end":{"line":26,"column":26}},{"start":{"line":26,"column":28},"end":{"line":26,"column":33}},{"start":{"line":26,"column":35},"end":{"line":26,"column":76}},{"start":{"line":26,"column":80},"end":{"line":26,"column":87}},{"start":{"line":26,"column":89},"end":{"line":26,"column":94}},{"start":{"line":26,"column":96},"end":{"line":26,"column":137}},{"start":{"line":27,"column":19},"end":{"line":27,"column":24}},{"start":{"line":27,"column":26},"end":{"line":27,"column":33}},{"start":{"line":27,"column":35},"end":{"line":27,"column":76}},{"start":{"line":27,"column":80},"end":{"line":27,"column":87}},{"start":{"line":27,"column":89},"end":{"line":27,"column":94}},{"start":{"line":27,"column":96},"end":{"line":27,"column":137}}],"line":24},"5":{"loc":{"start":{"line":34,"column":8},"end":{"line":49,"column":9}},"type":"if","locations":[{"start":{"line":34,"column":8},"end":{"line":49,"column":9}},{"start":{},"end":{}}],"line":34},"6":{"loc":{"start":{"line":35,"column":12},"end":{"line":35,"column":47}},"type":"if","locations":[{"start":{"line":35,"column":12},"end":{"line":35,"column":47}},{"start":{},"end":{}}],"line":35},"7":{"loc":{"start":{"line":37,"column":16},"end":{"line":39,"column":17}},"type":"if","locations":[{"start":{"line":37,"column":16},"end":{"line":39,"column":17}},{"start":{},"end":{}}],"line":37},"8":{"loc":{"start":{"line":40,"column":16},"end":{"line":47,"column":34}},"type":"if","locations":[{"start":{"line":40,"column":16},"end":{"line":47,"column":34}},{"start":{"line":47,"column":21},"end":{"line":47,"column":34}}],"line":40},"9":{"loc":{"start":{"line":40,"column":19},"end":{"line":43,"column":138}},"type":"binary-expr","locations":[{"start":{"line":40,"column":20},"end":{"line":40,"column":25}},{"start":{"line":40,"column":27},"end":{"line":40,"column":66}},{"start":{"line":40,"column":70},"end":{"line":40,"column":77}},{"start":{"line":40,"column":79},"end":{"line":40,"column":118}},{"start":{"line":41,"column":17},"end":{"line":41,"column":22}},{"start":{"line":41,"column":24},"end":{"line":41,"column":63}},{"start":{"line":41,"column":67},"end":{"line":41,"column":74}},{"start":{"line":41,"column":76},"end":{"line":41,"column":115}},{"start":{"line":42,"column":19},"end":{"line":42,"column":24}},{"start":{"line":42,"column":26},"end":{"line":42,"column":33}},{"start":{"line":42,"column":35},"end":{"line":42,"column":76}},{"start":{"line":42,"column":80},"end":{"line":42,"column":85}},{"start":{"line":42,"column":87},"end":{"line":42,"column":94}},{"start":{"line":42,"column":96},"end":{"line":42,"column":137}},{"start":{"line":43,"column":19},"end":{"line":43,"column":26}},{"start":{"line":43,"column":28},"end":{"line":43,"column":33}},{"start":{"line":43,"column":35},"end":{"line":43,"column":76}},{"start":{"line":43,"column":80},"end":{"line":43,"column":85}},{"start":{"line":43,"column":87},"end":{"line":43,"column":94}},{"start":{"line":43,"column":96},"end":{"line":43,"column":137}}],"line":40},"10":{"loc":{"start":{"line":54,"column":8},"end":{"line":57,"column":9}},"type":"if","locations":[{"start":{"line":54,"column":8},"end":{"line":57,"column":9}},{"start":{},"end":{}}],"line":54}},"s":{"0":1,"1":10,"2":1,"3":1,"4":10,"5":10,"6":100,"7":5,"8":5,"9":5,"10":5,"11":3,"12":2,"13":3,"14":3,"15":3,"16":12,"17":0,"18":12,"19":12,"20":12,"21":0,"22":5,"23":2,"24":0,"25":2,"26":2,"27":2,"28":5,"29":0,"30":5,"31":5,"32":5,"33":0,"34":5,"35":1,"36":0,"37":0,"38":1},"f":{"0":1,"1":10,"2":5,"3":1},"b":{"0":[3,2],"1":[2,1],"2":[0,12],"3":[12,0],"4":[12,12,12,12,12,9,12,12,12,12,12,12,12,12,12,12,9,12,9,9],"5":[2,3],"6":[0,2],"7":[0,5],"8":[5,0],"9":[5,5,5,3,5,5,5,2,5,5,3,5,5,2,5,3,3,5,5,2],"10":[0,1]},"_coverageSchema":"1a1c01bbd47fc00a2c39e90264f33305004495a9","hash":"6fbdf2ce70886b1b3129abdb8756b5c1e19161b0"}
,"/home/guru/repos/Battleship/src/app/ship.js": {"path":"/home/guru/repos/Battleship/src/app/ship.js","statementMap":{"0":{"start":{"line":3,"column":8},"end":{"line":3,"column":25}},"1":{"start":{"line":4,"column":8},"end":{"line":4,"column":25}},"2":{"start":{"line":5,"column":8},"end":{"line":5,"column":22}},"3":{"start":{"line":6,"column":8},"end":{"line":6,"column":29}},"4":{"start":{"line":7,"column":8},"end":{"line":7,"column":26}},"5":{"start":{"line":8,"column":8},"end":{"line":8,"column":28}},"6":{"start":{"line":11,"column":8},"end":{"line":11,"column":20}},"7":{"start":{"line":12,"column":8},"end":{"line":12,"column":26}},"8":{"start":{"line":13,"column":8},"end":{"line":13,"column":49}},"9":{"start":{"line":13,"column":34},"end":{"line":13,"column":49}}},"fnMap":{"0":{"name":"(anonymous_0)","decl":{"start":{"line":2,"column":4},"end":{"line":2,"column":5}},"loc":{"start":{"line":2,"column":27},"end":{"line":9,"column":5}},"line":2},"1":{"name":"(anonymous_1)","decl":{"start":{"line":10,"column":4},"end":{"line":10,"column":5}},"loc":{"start":{"line":10,"column":11},"end":{"line":14,"column":5}},"line":10}},"branchMap":{"0":{"loc":{"start":{"line":13,"column":8},"end":{"line":13,"column":49}},"type":"if","locations":[{"start":{"line":13,"column":8},"end":{"line":13,"column":49}},{"start":{},"end":{}}],"line":13}},"s":{"0":5,"1":5,"2":5,"3":5,"4":5,"5":5,"6":5,"7":5,"8":5,"9":1},"f":{"0":5,"1":5},"b":{"0":[1,4]},"_coverageSchema":"1a1c01bbd47fc00a2c39e90264f33305004495a9","hash":"783ba1f475c6e7efb3b69bbb8be2b50a330808dd"}
}
