TN:
SF:src/app/gameboard.js
FN:2,(anonymous_0)
FN:3,(anonymous_1)
FN:11,(anonymous_2)
FN:53,(anonymous_3)
FNF:4
FNH:4
FNDA:1,(anonymous_0)
FNDA:10,(anonymous_1)
FNDA:5,(anonymous_2)
FNDA:1,(anonymous_3)
DA:3,10
DA:4,1
DA:5,10
DA:6,100
DA:12,5
DA:13,5
DA:14,5
DA:18,5
DA:19,3
DA:20,3
DA:21,12
DA:22,0
DA:24,12
DA:28,12
DA:29,12
DA:31,0
DA:34,5
DA:35,2
DA:36,2
DA:37,5
DA:38,0
DA:40,5
DA:44,5
DA:45,5
DA:47,0
DA:50,5
DA:54,1
DA:55,0
DA:56,0
DA:58,1
LF:30
LH:24
BRDA:18,0,0,3
BRDA:18,0,1,2
BRDA:19,1,0,2
BRDA:19,1,1,1
BRDA:21,2,0,0
BRDA:21,2,1,12
BRDA:24,3,0,12
BRDA:24,3,1,0
BRDA:24,4,0,12
BRDA:24,4,1,12
BRDA:24,4,2,12
BRDA:24,4,3,12
BRDA:24,4,4,12
BRDA:24,4,5,9
BRDA:24,4,6,12
BRDA:24,4,7,12
BRDA:24,4,8,12
BRDA:24,4,9,12
BRDA:24,4,10,12
BRDA:24,4,11,12
BRDA:24,4,12,12
BRDA:24,4,13,12
BRDA:24,4,14,12
BRDA:24,4,15,12
BRDA:24,4,16,9
BRDA:24,4,17,12
BRDA:24,4,18,9
BRDA:24,4,19,9
BRDA:34,5,0,2
BRDA:34,5,1,3
BRDA:35,6,0,0
BRDA:35,6,1,2
BRDA:37,7,0,0
BRDA:37,7,1,5
BRDA:40,8,0,5
BRDA:40,8,1,0
BRDA:40,9,0,5
BRDA:40,9,1,5
BRDA:40,9,2,5
BRDA:40,9,3,3
BRDA:40,9,4,5
BRDA:40,9,5,5
BRDA:40,9,6,5
BRDA:40,9,7,2
BRDA:40,9,8,5
BRDA:40,9,9,5
BRDA:40,9,10,3
BRDA:40,9,11,5
BRDA:40,9,12,5
BRDA:40,9,13,2
BRDA:40,9,14,5
BRDA:40,9,15,3
BRDA:40,9,16,3
BRDA:40,9,17,5
BRDA:40,9,18,5
BRDA:40,9,19,2
BRDA:54,10,0,0
BRDA:54,10,1,1
BRF:58
BRH:52
end_of_record
TN:
SF:src/app/ship.js
FN:2,(anonymous_0)
FN:10,(anonymous_1)
FNF:2
FNH:2
FNDA:5,(anonymous_0)
FNDA:5,(anonymous_1)
DA:3,5
DA:4,5
DA:5,5
DA:6,5
DA:7,5
DA:8,5
DA:11,5
DA:12,5
DA:13,5
LF:9
LH:9
BRDA:13,0,0,1
BRDA:13,0,1,4
BRF:2
BRH:2
end_of_record
